<?xml version="1.0" encoding="UTF-8"?>
<testsuites name="casd" time="29.884" tests="1" failures="0" errors="0">
   <testsuite name="casd" tests="1" failures="0" errors="0" time="29.884" skipped="0" timestamp="13-05-2024T15:50:24" hostname="luantran - localhost" id="Test Suites/casd">
      <properties>
[...]
</properties>
      <testcase name="Test Cases/2" time="29.815" classname="Test Cases/2" status="PASSED">
         <system-out><![CDATA[13-05-2024T15:50:24 - [TEST_CASE][PASSED] - Test Cases/2: Test Cases/2

13-05-2024T15:50:24 - [TEST_STEP][PASSED] - openBrowser(""): Browser is opened with url: ''

13-05-2024T15:50:24 - [MESSAGE][INFO] - User set preference: ['os', 'windows']

13-05-2024T15:50:24 - [MESSAGE][INFO] - User set preference: ['browserName', 'chrome']

13-05-2024T15:50:24 - [MESSAGE][INFO] - User set preference: ['browserVersion', '123']

13-05-2024T15:50:24 - [MESSAGE][INFO] - User set preference: ['katalon:option', '{organizationId=1511151, tunnelId=, usingTunnel=false}']

13-05-2024T15:50:24 - [MESSAGE][INFO] - Connecting to remote web server 'testcloud.katalon.com/hub' with type 'Selenium'

13-05-2024T15:50:24 - [MESSAGE][INFO] - Action delay is set to 0 milliseconds

13-05-2024T15:50:49 - [MESSAGE][PASSED] - Browser is opened with url: ''

13-05-2024T15:50:49 - [TEST_STEP][PASSED] - navigateToUrl("https://github.com"): Navigate to 'https://github.com' successfully

13-05-2024T15:50:51 - [MESSAGE][PASSED] - Navigate to 'https://github.com' successfully

13-05-2024T15:50:51 - [TEST_STEP][PASSED] - closeBrowser(): Browser is closed

13-05-2024T15:50:54 - [MESSAGE][PASSED] - Browser is closed]]></system-out>
         <system-err><![CDATA[]]></system-err>
      </testcase>
      <system-out><![CDATA[13-05-2024T15:50:24 - [TEST_SUITE][PASSED] - casd: Test Cases/2]]></system-out>
      <system-err><![CDATA[]]></system-err>
   </testsuite>
</testsuites>
